<?xml version="1.0" encoding="UTF-8"?>
<!-- Generated by org.testng.reporters.JUnitReportReporter -->
<testsuite hostname="DESKTOP-IOQCSKS" failures="0" tests="1" name="restassuredtesting.restassured" time="4.839" errors="0" timestamp="8 Dec 2022 05:09:19 GMT">
  <testcase classname="restassuredtesting.restassured" name="register_tc7" time="4.839"/>
</testsuite> <!-- restassuredtesting.restassured -->
