<?xml version="1.0" encoding="UTF-8"?>
<!-- Generated by org.testng.reporters.JUnitReportReporter -->
<testsuite hostname="DESKTOP-IOQCSKS" failures="0" tests="2" name="restassuredtesting.trello" time="10.553" errors="0" timestamp="8 Dec 2022 05:20:32 GMT">
  <testcase classname="restassuredtesting.trello" name="getaboard" time="1.396"/>
  <testcase classname="restassuredtesting.trello" name="createBoard" time="9.157"/>
</testsuite> <!-- restassuredtesting.trello -->
